
prot: info
path: msegs
content: (null)
tokenKey 7179312846314930181

prot: info
path: msegs
content: (null)
tokenKey 7179312846314930181

prot: aus
path: meow
content: (null)
tokenKey owch

prot: info
path: msegs
content: (null)
tokenKey undefined

prot: info
path: msegs
content: (null)
tokenKey 7179312927919308803

prot: info
path: msegs
content: (null)
tokenKey 7179312927919308803

prot: get
path: msegs.-1
content: (null)
tokenKey 7179312927919308803

prot: info
path: msegs
content: (null)
tokenKey 7179312927919308803

prot: info
path: msegs
content: (null)
tokenKey 7179312927919308803

prot: info
path: msegs
content: (null)
tokenKey 7179312927919308803

prot: info
path: msegs
content: (null)
tokenKey 7179312927919308803

prot: write
path: msegs.0
content: aa
tokenKey 7179312927919308803

prot: info
path: msegs
content: (null)
tokenKey 7179312927919308803

prot: aus
path: meow
content: (null)
tokenKey owch

prot: info
path: msegs
content: (null)
tokenKey undefined

prot: info
path: msegs
content: (null)
tokenKey 7179312945099177988

prot: info
path: msegs
content: (null)
tokenKey 7179312945099177988

prot: info
path: msegs
content: (null)
tokenKey 7179312945099177988

prot: info
path: msegs
content: (null)
tokenKey 7179312945099177988

prot: info
path: msegs
content: (null)
tokenKey 7179312945099177988

prot: info
path: msegs
content: (null)
tokenKey 7179312945099177988

prot: info
path: msegs
content: (null)
tokenKey 7179312945099177988

prot: info
path: msegs
content: (null)
tokenKey 7179312945099177988

prot: info
path: msegs
content: (null)
tokenKey 7179312945099177988

prot: aus
path: meow
content: (null)
tokenKey owch

prot: info
path: msegs
content: (null)
tokenKey 7179312945099177988

prot: info
path: msegs
content: (null)
tokenKey 7179312945099177988

prot: info
path: msegs
content: (null)
tokenKey 7179312945099177988

prot: info
path: msegs
content: (null)
tokenKey 7179312945099177988

prot: info
path: msegs
content: (null)
tokenKey 7179312945099177988

prot: info
path: msegs
content: (null)
tokenKey 7179312945099177988

prot: info
path: msegs
content: (null)
tokenKey 7179312945099177988

prot: info
path: msegs
content: (null)
tokenKey 7179312945099177988

prot: info
path: msegs
content: (null)
tokenKey 7179312945099177988

prot: write
path: com
content: a
tokenKey 7179312983753883653

prot: info
path: msegs
content: (null)
tokenKey 7179312945099177988

prot: info
path: msegs
content: (null)
tokenKey 7179312945099177988

prot: info
path: msegs
content: (null)
tokenKey 7179312945099177988

prot: info
path: msegs
content: (null)
tokenKey 7179312945099177988

prot: info
path: msegs
content: (null)
tokenKey 7179312945099177988

prot: info
path: msegs
content: (null)
tokenKey 7179312945099177988

prot: info
path: msegs
content: (null)
tokenKey 7179312945099177988

prot: info
path: msegs
content: (null)
tokenKey 7179312945099177988

prot: info
path: msegs
content: (null)
tokenKey 7179312945099177988

prot: get
path: msegs.1
content: a
tokenKey 7179312983753883653

prot: info
path: msegs
content: (null)
tokenKey 7179312945099177988

prot: info
path: msegs
content: (null)
tokenKey 7179312945099177988

prot: info
path: msegs
content: (null)
tokenKey 7179312945099177988

prot: info
path: msegs
content: (null)
tokenKey 7179312945099177988

prot: get
path: msegs.0
content: a
tokenKey 7179312983753883653

prot: info
path: msegs
content: (null)
tokenKey 7179312945099177988

prot: info
path: msegs
content: (null)
tokenKey 7179312945099177988

prot: info
path: msegs
content: (null)
tokenKey 7179312945099177988

prot: info
path: msegs
content: (null)
tokenKey 7179312945099177988

prot: info
path: msegs
content: (null)
tokenKey 7179312945099177988

prot: info
path: msegs
content: (null)
tokenKey 7179312945099177988

prot: info
path: msegs
content: (null)
tokenKey 7179312945099177988

prot: aus
path: meow
content: (null)
tokenKey owch

prot: info
path: msegs
content: (null)
tokenKey undefined

prot: info
path: msegs
content: (null)
tokenKey 7179313099718000646

prot: info
path: msegs
content: (null)
tokenKey 7179313099718000646

prot: info
path: msegs
content: (null)
tokenKey 7179313099718000646

prot: info
path: msegs
content: (null)
tokenKey 7179313099718000646

prot: info
path: msegs
content: (null)
tokenKey 7179313099718000646

prot: info
path: msegs
content: (null)
tokenKey 7179313099718000646

prot: info
path: msegs
content: (null)
tokenKey 7179313099718000646

prot: info
path: msegs
content: (null)
tokenKey 7179313099718000646

prot: info
path: msegs
content: (null)
tokenKey 7179313099718000646

prot: info
path: msegs
content: (null)
tokenKey 7179313099718000646

prot: info
path: msegs
content: (null)
tokenKey 7179313099718000646

prot: info
path: msegs
content: (null)
tokenKey 7179313099718000646

prot: info
path: msegs
content: (null)
tokenKey 7179313099718000646

prot: info
path: msegs
content: (null)
tokenKey 7179313099718000646

prot: info
path: msegs
content: (null)
tokenKey 7179313099718000646

prot: info
path: msegs
content: (null)
tokenKey 7179313099718000646

prot: info
path: msegs
content: (null)
tokenKey 7179313099718000646

prot: info
path: msegs
content: (null)
tokenKey 7179313099718000646

prot: info
path: msegs
content: (null)
tokenKey 7179313099718000646

prot: info
path: msegs
content: (null)
tokenKey 7179313099718000646

prot: info
path: msegs
content: (null)
tokenKey 7179313099718000646

prot: info
path: msegs
content: (null)
tokenKey 7179313099718000646

prot: info
path: msegs
content: (null)
tokenKey 7179313099718000646

prot: info
path: msegs
content: (null)
tokenKey 7179313099718000646

prot: info
path: msegs
content: (null)
tokenKey 7179313099718000646

prot: info
path: msegs
content: (null)
tokenKey 7179313099718000646

prot: aus
path: meow
content: (null)
tokenKey owch

prot: info
path: msegs
content: (null)
tokenKey 7179313181322379271

prot: info
path: msegs
content: (null)
tokenKey 7179313181322379271

prot: get
path: msegs.0
content: (null)
tokenKey 7179313181322379271

prot: info
path: msegs
content: (null)
tokenKey 7179313181322379271

prot: info
path: msegs
content: (null)
tokenKey 7179313181322379271

prot: info
path: msegs
content: (null)
tokenKey 7179313181322379271

prot: info
path: msegs
content: (null)
tokenKey 7179313181322379271

prot: info
path: msegs
content: (null)
tokenKey 7179313181322379271

prot: info
path: msegs
content: (null)
tokenKey 7179313181322379271

prot: write
path: msegs.1
content: sdqed
tokenKey 7179313181322379271

prot: info
path: msegs
content: (null)
tokenKey 7179313181322379271

prot: get
path: msegs.1
content: (null)
tokenKey 7179313181322379271

prot: info
path: msegs
content: (null)
tokenKey 7179313181322379271

prot: info
path: msegs
content: (null)
tokenKey 7179313181322379271

prot: write
path: msegs.2
content: sdqed
tokenKey 7179313181322379271

prot: info
path: msegs
content: (null)
tokenKey 7179313181322379271

prot: get
path: msegs.2
content: (null)
tokenKey 7179313181322379271

prot: info
path: msegs
content: (null)
tokenKey 7179313181322379271

prot: write
path: msegs.3
content: sdqed
tokenKey 7179313181322379271

prot: info
path: msegs
content: (null)
tokenKey 7179313181322379271

prot: get
path: msegs.3
content: (null)
tokenKey 7179313181322379271

prot: info
path: msegs
content: (null)
tokenKey 7179313181322379271

prot: write
path: msegs.4
content: sdqed
tokenKey 7179313181322379271

prot: info
path: msegs
content: (null)
tokenKey 7179313181322379271

prot: write
path: msegs.5
content: sdqed
tokenKey 7179313181322379271

prot: info
path: msegs
content: (null)
tokenKey 7179313181322379271

prot: get
path: msegs.4
content: (null)
tokenKey 7179313181322379271

prot: get
path: msegs.5
content: (null)
tokenKey 7179313181322379271

prot: info
path: msegs
content: (null)
tokenKey 7179313181322379271

prot: write
path: msegs.6
content: sdqed
tokenKey 7179313181322379271

prot: info
path: msegs
content: (null)
tokenKey 7179313181322379271

prot: write
path: msegs.7
content: sdqed
tokenKey 7179313181322379271

prot: info
path: msegs
content: (null)
tokenKey 7179313181322379271

prot: get
path: msegs.6
content: (null)
tokenKey 7179313181322379271

prot: get
path: msegs.7
content: (null)
tokenKey 7179313181322379271

prot: info
path: msegs
content: (null)
tokenKey 7179313181322379271

prot: info
path: msegs
content: (null)
tokenKey 7179313181322379271

prot: write
path: msegs.8
content: sdqed
tokenKey 7179313181322379271

prot: info
path: msegs
content: (null)
tokenKey 7179313181322379271

prot: write
path: msegs.9
content: sdqed
tokenKey 7179313181322379271

prot: info
path: msegs
content: (null)
tokenKey 7179313181322379271

prot: write
path: msegs.10
content: sdqed
tokenKey 7179313181322379271

prot: info
path: msegs
content: (null)
tokenKey 7179313181322379271

prot: get
path: msegs.8
content: (null)
tokenKey 7179313181322379271

prot: get
path: msegs.9
content: (null)
tokenKey 7179313181322379271

prot: get
path: msegs.10
content: (null)
tokenKey 7179313181322379271

prot: info
path: msegs
content: (null)
tokenKey 7179313181322379271

prot: info
path: msegs
content: (null)
tokenKey 7179313181322379271

prot: write
path: msegs.11
content: sdqed
tokenKey 7179313181322379271

prot: info
path: msegs
content: (null)
tokenKey 7179313181322379271

prot: write
path: msegs.12
content: sdqed
tokenKey 7179313181322379271

prot: info
path: msegs
content: (null)
tokenKey 7179313181322379271

prot: write
path: msegs.13
content: sdqed
tokenKey 7179313181322379271

prot: info
path: msegs
content: (null)
tokenKey 7179313181322379271

prot: write
path: msegs.14
content: sdqed
tokenKey 7179313181322379271

prot: info
path: msegs
content: (null)
tokenKey 7179313181322379271

prot: get
path: msegs.11
content: (null)
tokenKey 7179313181322379271

prot: get
path: msegs.12
content: (null)
tokenKey 7179313181322379271

prot: get
path: msegs.13
content: (null)
tokenKey 7179313181322379271

prot: get
path: msegs.14
content: (null)
tokenKey 7179313181322379271

prot: info
path: msegs
content: (null)
tokenKey 7179313181322379271

prot: info
path: msegs
content: (null)
tokenKey 7179313181322379271

prot: write
path: msegs.15
content: sdqed
tokenKey 7179313181322379271

prot: info
path: msegs
content: (null)
tokenKey 7179313181322379271

prot: write
path: msegs.16
content: sdqed
tokenKey 7179313181322379271

prot: info
path: msegs
content: (null)
tokenKey 7179313181322379271

prot: get
path: msegs.15
content: (null)
tokenKey 7179313181322379271

prot: get
path: msegs.16
content: (null)
tokenKey 7179313181322379271

prot: info
path: msegs
content: (null)
tokenKey 7179313181322379271

prot: write
path: msegs.17
content: sdqed
tokenKey 7179313181322379271

prot: info
path: msegs
content: (null)
tokenKey 7179313181322379271

prot: write
path: msegs.18
content: sdqed
tokenKey 7179313181322379271

prot: info
path: msegs
content: (null)
tokenKey 7179313181322379271

prot: write
path: msegs.19
content: sdqed
tokenKey 7179313181322379271

prot: info
path: msegs
content: (null)
tokenKey 7179313181322379271

prot: get
path: msegs.17
content: (null)
tokenKey 7179313181322379271

prot: get
path: msegs.18
content: (null)
tokenKey 7179313181322379271

prot: get
path: msegs.19
content: (null)
tokenKey 7179313181322379271

prot: info
path: msegs
content: (null)
tokenKey 7179313181322379271

prot: write
path: msegs.20
content: sdqed
tokenKey 7179313181322379271

prot: info
path: msegs
content: (null)
tokenKey 7179313181322379271

prot: get
path: msegs.20
content: (null)
tokenKey 7179313181322379271

prot: aus
path: meow
content: (null)
tokenKey owch

prot: info
path: msegs
content: (null)
tokenKey 7179313241451921416

prot: info
path: msegs
content: (null)
tokenKey 7179313241451921416

prot: get
path: msegs.11
content: (null)
tokenKey 7179313241451921416

prot: get
path: msegs.12
content: (null)
tokenKey 7179313241451921416

prot: get
path: msegs.13
content: (null)
tokenKey 7179313241451921416

prot: get
path: msegs.14
content: (null)
tokenKey 7179313241451921416

prot: get
path: msegs.15
content: (null)
tokenKey 7179313241451921416

prot: get
path: msegs.16
content: (null)
tokenKey 7179313241451921416

prot: get
path: msegs.17
content: (null)
tokenKey 7179313241451921416

prot: get
path: msegs.18
content: (null)
tokenKey 7179313241451921416

prot: get
path: msegs.19
content: (null)
tokenKey 7179313241451921416

prot: get
path: msegs.20
content: (null)
tokenKey 7179313241451921416

prot: info
path: msegs
content: (null)
tokenKey 7179313241451921416

prot: info
path: msegs
content: (null)
tokenKey 7179313241451921416

prot: info
path: msegs
content: (null)
tokenKey 7179313241451921416

prot: info
path: msegs
content: (null)
tokenKey 7179313241451921416

prot: info
path: msegs
content: (null)
tokenKey 7179313241451921416

prot: info
path: msegs
content: (null)
tokenKey 7179313241451921416

prot: get
path: msegs.10
content: (null)
tokenKey 7179313241451921416

prot: get
path: msegs.9
content: (null)
tokenKey 7179313241451921416

prot: get
path: msegs.8
content: (null)
tokenKey 7179313241451921416

prot: get
path: msegs.7
content: (null)
tokenKey 7179313241451921416

prot: get
path: msegs.6
content: (null)
tokenKey 7179313241451921416

prot: get
path: msegs.5
content: (null)
tokenKey 7179313241451921416

prot: get
path: msegs.4
content: (null)
tokenKey 7179313241451921416

prot: get
path: msegs.3
content: (null)
tokenKey 7179313241451921416

prot: get
path: msegs.2
content: (null)
tokenKey 7179313241451921416

prot: get
path: msegs.1
content: (null)
tokenKey 7179313241451921416

prot: info
path: msegs
content: (null)
tokenKey 7179313241451921416

prot: get
path: msegs.0
content: (null)
tokenKey 7179313241451921416

prot: info
path: msegs
content: (null)
tokenKey 7179313241451921416

prot: info
path: msegs
content: (null)
tokenKey 7179313241451921416

prot: info
path: msegs
content: (null)
tokenKey 7179313241451921416

prot: info
path: msegs
content: (null)
tokenKey 7179313241451921416

prot: info
path: msegs
content: (null)
tokenKey 7179313241451921416

prot: info
path: msegs
content: (null)
tokenKey 7179313241451921416

prot: info
path: msegs
content: (null)
tokenKey 7179313241451921416

prot: info
path: msegs
content: (null)
tokenKey 7179313241451921416

prot: info
path: msegs
content: (null)
tokenKey 7179313241451921416

prot: info
path: msegs
content: (null)
tokenKey 7179313241451921416

prot: info
path: msegs
content: (null)
tokenKey 7179313241451921416

prot: info
path: msegs
content: (null)
tokenKey 7179313241451921416

prot: info
path: msegs
content: (null)
tokenKey 7179313241451921416

prot: info
path: msegs
content: (null)
tokenKey 7179313241451921416

prot: info
path: msegs
content: (null)
tokenKey 7179313241451921416

prot: info
path: msegs
content: (null)
tokenKey 7179313241451921416

prot: info
path: msegs
content: (null)
tokenKey 7179313241451921416

prot: info
path: msegs
content: (null)
tokenKey 7179313241451921416

prot: info
path: msegs
content: (null)
tokenKey 7179313241451921416

prot: info
path: msegs
content: (null)
tokenKey 7179313241451921416

prot: info
path: msegs
content: (null)
tokenKey 7179313241451921416

prot: info
path: msegs
content: (null)
tokenKey 7179313241451921416

prot: info
path: msegs
content: (null)
tokenKey 7179313241451921416

prot: info
path: msegs
content: (null)
tokenKey 7179313241451921416

prot: info
path: msegs
content: (null)
tokenKey 7179313241451921416

prot: info
path: msegs
content: (null)
tokenKey 7179313241451921416

prot: info
path: msegs
content: (null)
tokenKey 7179313241451921416

prot: info
path: msegs
content: (null)
tokenKey 7179313241451921416

prot: info
path: msegs
content: (null)
tokenKey 7179313241451921416

prot: info
path: msegs
content: (null)
tokenKey 7179313241451921416

prot: info
path: msegs
content: (null)
tokenKey 7179313241451921416

prot: info
path: msegs
content: (null)
tokenKey 7179313241451921416

prot: info
path: msegs
content: (null)
tokenKey 7179313241451921416

prot: info
path: msegs
content: (null)
tokenKey 7179313241451921416

prot: info
path: msegs
content: (null)
tokenKey 7179313241451921416

prot: info
path: msegs
content: (null)
tokenKey 7179313241451921416

prot: info
path: msegs
content: (null)
tokenKey 7179313241451921416

prot: info
path: msegs
content: (null)
tokenKey 7179313241451921416

prot: info
path: msegs
content: (null)
tokenKey 7179313241451921416

prot: info
path: msegs
content: (null)
tokenKey 7179313241451921416

prot: info
path: msegs
content: (null)
tokenKey 7179313241451921416

prot: info
path: msegs
content: (null)
tokenKey 7179313241451921416

prot: info
path: msegs
content: (null)
tokenKey 7179313241451921416

prot: info
path: msegs
content: (null)
tokenKey 7179313241451921416

prot: info
path: msegs
content: (null)
tokenKey 7179313241451921416

prot: info
path: msegs
content: (null)
tokenKey 7179313241451921416

prot: info
path: msegs
content: (null)
tokenKey 7179313241451921416

prot: info
path: msegs
content: (null)
tokenKey 7179313241451921416

prot: info
path: msegs
content: (null)
tokenKey 7179313241451921416

prot: info
path: msegs
content: (null)
tokenKey 7179313241451921416

prot: info
path: msegs
content: (null)
tokenKey 7179313241451921416

prot: info
path: msegs
content: (null)
tokenKey 7179313241451921416

prot: info
path: msegs
content: (null)
tokenKey 7179313241451921416

prot: info
path: msegs
content: (null)
tokenKey 7179313241451921416

prot: info
path: msegs
content: (null)
tokenKey 7179313241451921416

prot: info
path: msegs
content: (null)
tokenKey 7179313241451921416

prot: info
path: msegs
content: (null)
tokenKey 7179313241451921416

prot: info
path: msegs
content: (null)
tokenKey 7179313241451921416

prot: info
path: msegs
content: (null)
tokenKey 7179313241451921416

prot: info
path: msegs
content: (null)
tokenKey 7179313241451921416

prot: info
path: msegs
content: (null)
tokenKey 7179313241451921416

prot: info
path: msegs
content: (null)
tokenKey 7179313241451921416

prot: info
path: msegs
content: (null)
tokenKey 7179313241451921416

prot: info
path: msegs
content: (null)
tokenKey 7179313241451921416

prot: info
path: msegs
content: (null)
tokenKey 7179313241451921416

prot: info
path: msegs
content: (null)
tokenKey 7179313241451921416

prot: info
path: msegs
content: (null)
tokenKey 7179313241451921416

prot: info
path: msegs
content: (null)
tokenKey 7179313241451921416

prot: info
path: msegs
content: (null)
tokenKey 7179313241451921416

prot: info
path: msegs
content: (null)
tokenKey 7179313241451921416

prot: info
path: msegs
content: (null)
tokenKey 7179313241451921416

prot: info
path: msegs
content: (null)
tokenKey 7179313241451921416

prot: info
path: msegs
content: (null)
tokenKey 7179313241451921416

prot: info
path: msegs
content: (null)
tokenKey 7179313241451921416

prot: info
path: msegs
content: (null)
tokenKey 7179313241451921416

prot: info
path: msegs
content: (null)
tokenKey 7179313241451921416

prot: info
path: msegs
content: (null)
tokenKey 7179313241451921416

prot: info
path: msegs
content: (null)
tokenKey 7179313241451921416

prot: info
path: msegs
content: (null)
tokenKey 7179313241451921416

prot: info
path: msegs
content: (null)
tokenKey 7179313241451921416

prot: info
path: msegs
content: (null)
tokenKey 7179313241451921416

prot: info
path: msegs
content: (null)
tokenKey 7179313241451921416

prot: info
path: msegs
content: (null)
tokenKey 7179313241451921416

prot: info
path: msegs
content: (null)
tokenKey 7179313241451921416

prot: info
path: msegs
content: (null)
tokenKey 7179313241451921416

prot: info
path: msegs
content: (null)
tokenKey 7179313241451921416

prot: info
path: msegs
content: (null)
tokenKey 7179313241451921416

prot: info
path: msegs
content: (null)
tokenKey 7179313241451921416

prot: info
path: msegs
content: (null)
tokenKey 7179313241451921416

prot: info
path: msegs
content: (null)
tokenKey 7179313241451921416

prot: info
path: msegs
content: (null)
tokenKey 7179313241451921416

prot: info
path: msegs
content: (null)
tokenKey 7179313241451921416

prot: info
path: msegs
content: (null)
tokenKey 7179313241451921416

prot: info
path: msegs
content: (null)
tokenKey 7179313241451921416

prot: info
path: msegs
content: (null)
tokenKey 7179313241451921416

prot: info
path: msegs
content: (null)
tokenKey 7179313241451921416

prot: info
path: msegs
content: (null)
tokenKey 7179313241451921416

prot: info
path: msegs
content: (null)
tokenKey 7179313241451921416

prot: info
path: msegs
content: (null)
tokenKey 7179313241451921416

prot: info
path: msegs
content: (null)
tokenKey 7179313241451921416

prot: info
path: msegs
content: (null)
tokenKey 7179313241451921416

prot: info
path: msegs
content: (null)
tokenKey 7179313241451921416

prot: info
path: msegs
content: (null)
tokenKey 7179313241451921416

prot: info
path: msegs
content: (null)
tokenKey 7179313241451921416

prot: info
path: msegs
content: (null)
tokenKey 7179313241451921416

prot: info
path: msegs
content: (null)
tokenKey 7179313241451921416

prot: info
path: msegs
content: (null)
tokenKey 7179313241451921416

prot: info
path: msegs
content: (null)
tokenKey 7179313241451921416

prot: info
path: msegs
content: (null)
tokenKey 7179313241451921416

prot: info
path: msegs
content: (null)
tokenKey 7179313241451921416

prot: info
path: msegs
content: (null)
tokenKey 7179313241451921416

prot: info
path: msegs
content: (null)
tokenKey 7179313241451921416

prot: info
path: msegs
content: (null)
tokenKey 7179313241451921416

prot: info
path: msegs
content: (null)
tokenKey 7179313241451921416

prot: info
path: msegs
content: (null)
tokenKey 7179313241451921416

prot: info
path: msegs
content: (null)
tokenKey 7179313241451921416

prot: info
path: msegs
content: (null)
tokenKey 7179313241451921416

prot: info
path: msegs
content: (null)
tokenKey 7179313241451921416

prot: info
path: msegs
content: (null)
tokenKey 7179313241451921416

prot: info
path: msegs
content: (null)
tokenKey 7179313241451921416

prot: info
path: msegs
content: (null)
tokenKey 7179313241451921416

prot: info
path: msegs
content: (null)
tokenKey 7179313241451921416

prot: info
path: msegs
content: (null)
tokenKey 7179313241451921416

prot: info
path: msegs
content: (null)
tokenKey 7179313241451921416

prot: info
path: msegs
content: (null)
tokenKey 7179313241451921416

prot: info
path: msegs
content: (null)
tokenKey 7179313241451921416

prot: info
path: msegs
content: (null)
tokenKey 7179313241451921416

prot: info
path: msegs
content: (null)
tokenKey 7179313241451921416

prot: info
path: msegs
content: (null)
tokenKey 7179313241451921416

prot: info
path: msegs
content: (null)
tokenKey 7179313241451921416

prot: info
path: msegs
content: (null)
tokenKey 7179313241451921416

prot: info
path: msegs
content: (null)
tokenKey 7179313241451921416

prot: info
path: msegs
content: (null)
tokenKey 7179313241451921416

prot: info
path: msegs
content: (null)
tokenKey 7179313241451921416

prot: info
path: msegs
content: (null)
tokenKey 7179313241451921416

prot: info
path: msegs
content: (null)
tokenKey 7179313241451921416

prot: info
path: msegs
content: (null)
tokenKey 7179313241451921416

prot: info
path: msegs
content: (null)
tokenKey 7179313241451921416

prot: info
path: msegs
content: (null)
tokenKey 7179313241451921416

prot: info
path: msegs
content: (null)
tokenKey 7179313241451921416

prot: info
path: msegs
content: (null)
tokenKey 7179313241451921416

prot: info
path: msegs
content: (null)
tokenKey 7179313241451921416

prot: info
path: msegs
content: (null)
tokenKey 7179313241451921416

prot: info
path: msegs
content: (null)
tokenKey 7179313241451921416

prot: info
path: msegs
content: (null)
tokenKey 7179313241451921416

prot: info
path: msegs
content: (null)
tokenKey 7179313241451921416

prot: info
path: msegs
content: (null)
tokenKey 7179313241451921416

prot: info
path: msegs
content: (null)
tokenKey 7179313241451921416

prot: info
path: msegs
content: (null)
tokenKey 7179313241451921416

prot: info
path: msegs
content: (null)
tokenKey 7179313241451921416

prot: info
path: msegs
content: (null)
tokenKey 7179313241451921416

prot: info
path: msegs
content: (null)
tokenKey 7179313241451921416

prot: info
path: msegs
content: (null)
tokenKey 7179313241451921416

prot: info
path: msegs
content: (null)
tokenKey 7179313241451921416

prot: info
path: msegs
content: (null)
tokenKey 7179313241451921416
